<?xml version="1.0" encoding="UTF-8"?>
<testsuite xmlns:xsi="http://www.w3.org/2001/XMLSchema-instance" xsi:noNamespaceSchemaLocation="https://maven.apache.org/surefire/maven-surefire-plugin/xsd/surefire-test-report-3.0.xsd" version="3.0" name="ie.gmit.PassengersTest" time="0.069" tests="6" errors="0" skipped="0" failures="0">
  <properties>
[...]
</properties>
  <testcase name="testConstructorName" classname="ie.gmit.PassengersTest" time="0.032">
    <system-out><![CDATA[7
]]></system-out>
  </testcase>
  <testcase name="testConstructorInvalidID" classname="ie.gmit.PassengersTest" time="0">
    <system-out><![CDATA[6
]]></system-out>
  </testcase>
  <testcase name="testConstructorInvalidName" classname="ie.gmit.PassengersTest" time="0"/>
  <testcase name="testConstructorTitle" classname="ie.gmit.PassengersTest" time="0">
    <system-out><![CDATA[7
]]></system-out>
  </testcase>
  <testcase name="testConstructorID" classname="ie.gmit.PassengersTest" time="0">
    <system-out><![CDATA[7
]]></system-out>
  </testcase>
  <testcase name="testConstructorInvalidTitle" classname="ie.gmit.PassengersTest" time="0.015"/>
</testsuite>